<?xml version="1.0" encoding="UTF-8"?>
<testsuite xmlns:xsi="http://www.w3.org/2001/XMLSchema-instance" xsi:noNamespaceSchemaLocation="https://maven.apache.org/surefire/maven-surefire-plugin/xsd/surefire-test-report.xsd" name="com.aflac.eib.paccountcmdqry.controller.PAccountControllerTest" time="23.465" tests="3" errors="0" skipped="0" failures="0">
  <properties>
[...]
</properties>
  <testcase name="healthCheckTest" classname="com.aflac.eib.paccountcmdqry.controller.PAccountControllerTest" time="1.284"/>
  <testcase name="getAccountsTest" classname="com.aflac.eib.paccountcmdqry.controller.PAccountControllerTest" time="0.694"/>
  <testcase name="getAccountByIdTest" classname="com.aflac.eib.paccountcmdqry.controller.PAccountControllerTest" time="0.124"/>
</testsuite>